<?xml version="1.0" encoding="UTF-8"?>
<!-- Generated by org.testng.reporters.JUnitXMLReporter -->
<testsuite hostname="DESKTOP-HJ18R61" ignored="0" name="Test-Runner-2" tests="1" failures="0" timestamp="2023-02-08T17:55:10 IST" time="146.831" errors="0">
  <testcase name="createOrganizationWithIndustryTest" time="90.314" classname="vTiger.Organizations.Tests.CreateOrganizationWithIndustryTest"/>
</testsuite> <!-- Test-Runner-2 -->
