<?xml version="1.0" encoding="UTF-8"?>
<!-- Generated by org.testng.reporters.JUnitReportReporter -->
<testsuite skipped="0" hostname="DESKTOP-HJ18R61" name="vTiger.Contacts.Tests.CreateContactTest" tests="1" failures="0" timestamp="2023-02-05T22:24:51 IST" time="125.635" errors="0">
  <testcase name="createContactTest" time="125.635" classname="vTiger.Contacts.Tests.CreateContactTest"/>
  <system-out/>
</testsuite> <!-- vTiger.Contacts.Tests.CreateContactTest -->
