<?xml version="1.0" encoding="UTF-8"?>
<!-- Generated by org.testng.reporters.JUnitReportReporter -->
<testsuite skipped="0" hostname="DESKTOP-HJ18R61" name="vTiger.Practice.ReadDataFromCmdLine" tests="1" failures="0" timestamp="2023-02-07T16:33:07 IST" time="0.013" errors="0">
  <testcase name="read" time="0.013" classname="vTiger.Practice.ReadDataFromCmdLine"/>
  <system-out/>
</testsuite> <!-- vTiger.Practice.ReadDataFromCmdLine -->
