<?xml version="1.0" encoding="UTF-8"?>
<!-- Generated by org.testng.reporters.JUnitReportReporter -->
<testsuite skipped="0" hostname="DESKTOP-HJ18R61" name="vTiger.Organizations.Tests.CreateOrganizationsTest" tests="1" failures="0" timestamp="2023-02-04T00:46:11 IST" time="73.493" errors="0">
  <testcase name="test1" time="73.493" classname="vTiger.Organizations.Tests.CreateOrganizationsTest"/>
  <system-out/>
</testsuite> <!-- vTiger.Organizations.Tests.CreateOrganizationsTest -->
