<?xml version="1.0" encoding="UTF-8"?>
<!-- Generated by org.testng.reporters.JUnitReportReporter -->
<testsuite skipped="0" hostname="DESKTOP-HJ18R61" name="vTiger.Organizations.Tests.CreateOrganizationsWithMultipleData" tests="5" failures="0" timestamp="2023-02-03T22:00:41 IST" time="156.917" errors="0">
  <testcase name="createOrganizationsWithMultipleData" time="24.296" classname="vTiger.Organizations.Tests.CreateOrganizationsWithMultipleData"/>
  <system-out/>
  <testcase name="createOrganizationsWithMultipleData" time="51.966" classname="vTiger.Organizations.Tests.CreateOrganizationsWithMultipleData"/>
  <system-out/>
  <testcase name="createOrganizationsWithMultipleData" time="21.167" classname="vTiger.Organizations.Tests.CreateOrganizationsWithMultipleData"/>
  <system-out/>
  <testcase name="createOrganizationsWithMultipleData" time="24.237" classname="vTiger.Organizations.Tests.CreateOrganizationsWithMultipleData"/>
  <system-out/>
  <testcase name="createOrganizationsWithMultipleData" time="35.251" classname="vTiger.Organizations.Tests.CreateOrganizationsWithMultipleData"/>
  <system-out/>
</testsuite> <!-- vTiger.Organizations.Tests.CreateOrganizationsWithMultipleData -->
