<?xml version="1.0" encoding="UTF-8"?>
<!-- Generated by org.testng.reporters.JUnitReportReporter -->
<testsuite skipped="0" hostname="DESKTOP-HJ18R61" name="vTiger.Organizations.Tests.CreateOrganizationWithIndustryTest" tests="1" failures="0" timestamp="2023-02-08T17:55:11 IST" time="109.380" errors="0">
  <testcase name="createOrganizationWithIndustryTest" time="109.380" classname="vTiger.Organizations.Tests.CreateOrganizationWithIndustryTest"/>
  <system-out>
    <![CDATA[Click on Organizations link
Click on Create Organization lookup image
Create Organization with Industry and Save
Validate newly created organization
Validating industry drop down]]>
  </system-out>
</testsuite> <!-- vTiger.Organizations.Tests.CreateOrganizationWithIndustryTest -->
