<?xml version="1.0" encoding="UTF-8"?>
<!-- Generated by org.testng.reporters.JUnitReportReporter -->
<testsuite skipped="0" hostname="DESKTOP-HJ18R61" name="vTiger.Practice.BaseClassPractice1" tests="1" failures="0" timestamp="2023-02-03T01:05:33 IST" time="0.014" errors="0">
  <testcase name="test" time="0.014" classname="vTiger.Practice.BaseClassPractice1"/>
  <system-out/>
</testsuite> <!-- vTiger.Practice.BaseClassPractice1 -->
