<?xml version="1.0" encoding="UTF-8"?>
<!-- Generated by org.testng.reporters.JUnitReportReporter -->
<testsuite skipped="0" hostname="DESKTOP-HJ18R61" name="vTiger.Organizations.Tests.CreateOrganizationWithIndustryAndTypeTest" tests="1" failures="0" timestamp="2023-02-08T17:55:11 IST" time="109.426" errors="0">
  <testcase name="createOrganizationWithIndustryAndTypeTest" time="109.426" classname="vTiger.Organizations.Tests.CreateOrganizationWithIndustryAndTypeTest"/>
  <system-out>
    <![CDATA[Click on Organizations link
Click on Create Organization lookup image
Create Organization with Industry and Type and Save
Validate newly created organization
Validate industry and type drop down]]>
  </system-out>
</testsuite> <!-- vTiger.Organizations.Tests.CreateOrganizationWithIndustryAndTypeTest -->
