<?xml version="1.0" encoding="UTF-8"?>
<!-- Generated by org.testng.reporters.JUnitReportReporter -->
<testsuite skipped="0" hostname="DESKTOP-HJ18R61" name="vTiger.Practice.DataProviderPratice" tests="2" failures="0" timestamp="2023-02-01T15:30:31 IST" time="0.027" errors="0">
  <testcase name="test" time="0.020" classname="vTiger.Practice.DataProviderPratice"/>
  <system-out/>
  <testcase name="test" time="0.007" classname="vTiger.Practice.DataProviderPratice"/>
  <system-out/>
</testsuite> <!-- vTiger.Practice.DataProviderPratice -->
