<?xml version="1.0" encoding="UTF-8"?>
<!-- Generated by org.testng.reporters.JUnitReportReporter -->
<testsuite skipped="0" hostname="DESKTOP-HJ18R61" name="vTiger.Contacts.Tests.CreateContactWithOrganizationTest" tests="1" failures="0" timestamp="2023-02-08T17:45:13 IST" time="240.128" errors="0">
  <testcase name="createContactWithOrganizationPOMTest" time="240.128" classname="vTiger.Contacts.Tests.CreateContactWithOrganizationTest"/>
  <system-out>
    <![CDATA[Click on Organizations link
Click on Create Organization lookup image
Create Organization with mandatory fields and save- Wipro293
Validate newly created organization
Click on Contacts link
Click on Contacts link
Create Contact with Organization and Save
Validate newly created contact]]>
  </system-out>
</testsuite> <!-- vTiger.Contacts.Tests.CreateContactWithOrganizationTest -->
