<?xml version="1.0" encoding="UTF-8"?>
<!-- Generated by org.testng.reporters.JUnitReportReporter -->
<testsuite skipped="0" hostname="DESKTOP-HJ18R61" name="vTiger.Practice.BaseClassPractice2" tests="2" failures="0" timestamp="2023-02-03T01:05:33 IST" time="0.012" errors="0">
  <testcase name="test1" time="0.008" classname="vTiger.Practice.BaseClassPractice2"/>
  <system-out/>
  <testcase name="test2" time="0.004" classname="vTiger.Practice.BaseClassPractice2"/>
  <system-out/>
</testsuite> <!-- vTiger.Practice.BaseClassPractice2 -->
